*** Using Compiler 'V5.06 update 7 (build 960)', folder: 'D:\Keil5\Core\ARM\ARM_Compiler_5.06u7\Bin'
Rebuild target 'P01_location_hal'
assembling startup_stm32f103xb.s...
compiling stm32f1xx_hal.c...
compiling stm32f1xx_it.c...
compiling stm32f1xx_hal_msp.c...
compiling spi.c...
compiling gpio.c...
compiling main.c...
compiling i2c.c...
compiling stm32f1xx_hal_gpio_ex.c...
compiling usart.c...
compiling tim.c...
compiling stm32f1xx_hal_i2c.c...
compiling stm32f1xx_hal_cortex.c...
compiling stm32f1xx_hal_exti.c...
compiling stm32f1xx_hal_gpio.c...
compiling stm32f1xx_hal_pwr.c...
compiling stm32f1xx_hal_dma.c...
compiling stm32f1xx_hal_rcc_ex.c...
compiling stm32f1xx_hal_flash.c...
compiling stm32f1xx_hal_flash_ex.c...
compiling stm32f1xx_hal_rcc.c...
compiling stm32f1xx_hal_spi.c...
compiling Com_Filter.c...
compiling stm32f1xx_hal_tim.c...
compiling driver_llcc68.c...
compiling system_stm32f1xx.c...
compiling Int_led.c...
compiling Int_step.c...
compiling Int_buzzer.c...
compiling Com_debug.c...
compiling Int_qs100.c...
compiling driver_llcc68_interface.c...
compiling Int_mpu6050.c...
compiling Int_AT6558R.c...
compiling stm32f1xx_hal_tim_ex.c...
compiling stm32f1xx_hal_uart.c...
compiling Int_llcc68.c...
linking...
Program Size: Code=25456 RO-data=632 RW-data=24 ZI-data=2184  
FromELF: creating hex file...
"P01_location_hal\P01_location_hal.axf" - 0 Error(s), 0 Warning(s).
Build Time Elapsed:  00:00:15
